Determining if the Q_WS_WIN exist failed with the following output:
Change Dir: /home/pierre/Documents/Master/M1/MOBJ/MOBJ/TME8/build/CMakeFiles/CMakeTmp

Run Build Command:"/usr/bin/make" "cmTC_b950c/fast"
/usr/bin/make -f CMakeFiles/cmTC_b950c.dir/build.make CMakeFiles/cmTC_b950c.dir/build
make[1]: Entering directory '/home/pierre/Documents/Master/M1/MOBJ/MOBJ/TME8/build/CMakeFiles/CMakeTmp'
Building CXX object CMakeFiles/cmTC_b950c.dir/CheckSymbolExists.cxx.o
/usr/bin/c++   -I/usr/include/qt4  -std=c++11 -Wall -g    -o CMakeFiles/cmTC_b950c.dir/CheckSymbolExists.cxx.o -c /home/pierre/Documents/Master/M1/MOBJ/MOBJ/TME8/build/CMakeFiles/CMakeTmp/CheckSymbolExists.cxx
/home/pierre/Documents/Master/M1/MOBJ/MOBJ/TME8/build/CMakeFiles/CMakeTmp/CheckSymbolExists.cxx: In function ‘int main(int, char**)’:
/home/pierre/Documents/Master/M1/MOBJ/MOBJ/TME8/build/CMakeFiles/CMakeTmp/CheckSymbolExists.cxx:8:19: error: ‘Q_WS_WIN’ was not declared in this scope
   return ((int*)(&Q_WS_WIN))[argc];
                   ^~~~~~~~
/home/pierre/Documents/Master/M1/MOBJ/MOBJ/TME8/build/CMakeFiles/CMakeTmp/CheckSymbolExists.cxx:8:19: note: suggested alternative: ‘Q_WS_X11’
   return ((int*)(&Q_WS_WIN))[argc];
                   ^~~~~~~~
                   Q_WS_X11
CMakeFiles/cmTC_b950c.dir/build.make:65: recipe for target 'CMakeFiles/cmTC_b950c.dir/CheckSymbolExists.cxx.o' failed
make[1]: *** [CMakeFiles/cmTC_b950c.dir/CheckSymbolExists.cxx.o] Error 1
make[1]: Leaving directory '/home/pierre/Documents/Master/M1/MOBJ/MOBJ/TME8/build/CMakeFiles/CMakeTmp'
Makefile:126: recipe for target 'cmTC_b950c/fast' failed
make: *** [cmTC_b950c/fast] Error 2

File /home/pierre/Documents/Master/M1/MOBJ/MOBJ/TME8/build/CMakeFiles/CMakeTmp/CheckSymbolExists.cxx:
/* */
#include <QtCore/qglobal.h>

int main(int argc, char** argv)
{
  (void)argv;
#ifndef Q_WS_WIN
  return ((int*)(&Q_WS_WIN))[argc];
#else
  (void)argc;
  return 0;
#endif
}

Determining if the Q_WS_QWS exist failed with the following output:
Change Dir: /home/pierre/Documents/Master/M1/MOBJ/MOBJ/TME8/build/CMakeFiles/CMakeTmp

Run Build Command:"/usr/bin/make" "cmTC_c3004/fast"
/usr/bin/make -f CMakeFiles/cmTC_c3004.dir/build.make CMakeFiles/cmTC_c3004.dir/build
make[1]: Entering directory '/home/pierre/Documents/Master/M1/MOBJ/MOBJ/TME8/build/CMakeFiles/CMakeTmp'
Building CXX object CMakeFiles/cmTC_c3004.dir/CheckSymbolExists.cxx.o
/usr/bin/c++   -I/usr/include/qt4  -std=c++11 -Wall -g    -o CMakeFiles/cmTC_c3004.dir/CheckSymbolExists.cxx.o -c /home/pierre/Documents/Master/M1/MOBJ/MOBJ/TME8/build/CMakeFiles/CMakeTmp/CheckSymbolExists.cxx
/home/pierre/Documents/Master/M1/MOBJ/MOBJ/TME8/build/CMakeFiles/CMakeTmp/CheckSymbolExists.cxx: In function ‘int main(int, char**)’:
/home/pierre/Documents/Master/M1/MOBJ/MOBJ/TME8/build/CMakeFiles/CMakeTmp/CheckSymbolExists.cxx:8:19: error: ‘Q_WS_QWS’ was not declared in this scope
   return ((int*)(&Q_WS_QWS))[argc];
                   ^~~~~~~~
/home/pierre/Documents/Master/M1/MOBJ/MOBJ/TME8/build/CMakeFiles/CMakeTmp/CheckSymbolExists.cxx:8:19: note: suggested alternative: ‘Q_WS_X11’
   return ((int*)(&Q_WS_QWS))[argc];
                   ^~~~~~~~
                   Q_WS_X11
CMakeFiles/cmTC_c3004.dir/build.make:65: recipe for target 'CMakeFiles/cmTC_c3004.dir/CheckSymbolExists.cxx.o' failed
make[1]: *** [CMakeFiles/cmTC_c3004.dir/CheckSymbolExists.cxx.o] Error 1
make[1]: Leaving directory '/home/pierre/Documents/Master/M1/MOBJ/MOBJ/TME8/build/CMakeFiles/CMakeTmp'
Makefile:126: recipe for target 'cmTC_c3004/fast' failed
make: *** [cmTC_c3004/fast] Error 2

File /home/pierre/Documents/Master/M1/MOBJ/MOBJ/TME8/build/CMakeFiles/CMakeTmp/CheckSymbolExists.cxx:
/* */
#include <QtCore/qglobal.h>

int main(int argc, char** argv)
{
  (void)argv;
#ifndef Q_WS_QWS
  return ((int*)(&Q_WS_QWS))[argc];
#else
  (void)argc;
  return 0;
#endif
}

Determining if the Q_WS_MAC exist failed with the following output:
Change Dir: /home/pierre/Documents/Master/M1/MOBJ/MOBJ/TME8/build/CMakeFiles/CMakeTmp

Run Build Command:"/usr/bin/make" "cmTC_ce4f7/fast"
/usr/bin/make -f CMakeFiles/cmTC_ce4f7.dir/build.make CMakeFiles/cmTC_ce4f7.dir/build
make[1]: Entering directory '/home/pierre/Documents/Master/M1/MOBJ/MOBJ/TME8/build/CMakeFiles/CMakeTmp'
Building CXX object CMakeFiles/cmTC_ce4f7.dir/CheckSymbolExists.cxx.o
/usr/bin/c++   -I/usr/include/qt4  -std=c++11 -Wall -g    -o CMakeFiles/cmTC_ce4f7.dir/CheckSymbolExists.cxx.o -c /home/pierre/Documents/Master/M1/MOBJ/MOBJ/TME8/build/CMakeFiles/CMakeTmp/CheckSymbolExists.cxx
/home/pierre/Documents/Master/M1/MOBJ/MOBJ/TME8/build/CMakeFiles/CMakeTmp/CheckSymbolExists.cxx: In function ‘int main(int, char**)’:
/home/pierre/Documents/Master/M1/MOBJ/MOBJ/TME8/build/CMakeFiles/CMakeTmp/CheckSymbolExists.cxx:8:19: error: ‘Q_WS_MAC’ was not declared in this scope
   return ((int*)(&Q_WS_MAC))[argc];
                   ^~~~~~~~
/home/pierre/Documents/Master/M1/MOBJ/MOBJ/TME8/build/CMakeFiles/CMakeTmp/CheckSymbolExists.cxx:8:19: note: suggested alternative: ‘Q_WS_X11’
   return ((int*)(&Q_WS_MAC))[argc];
                   ^~~~~~~~
                   Q_WS_X11
CMakeFiles/cmTC_ce4f7.dir/build.make:65: recipe for target 'CMakeFiles/cmTC_ce4f7.dir/CheckSymbolExists.cxx.o' failed
make[1]: *** [CMakeFiles/cmTC_ce4f7.dir/CheckSymbolExists.cxx.o] Error 1
make[1]: Leaving directory '/home/pierre/Documents/Master/M1/MOBJ/MOBJ/TME8/build/CMakeFiles/CMakeTmp'
Makefile:126: recipe for target 'cmTC_ce4f7/fast' failed
make: *** [cmTC_ce4f7/fast] Error 2

File /home/pierre/Documents/Master/M1/MOBJ/MOBJ/TME8/build/CMakeFiles/CMakeTmp/CheckSymbolExists.cxx:
/* */
#include <QtCore/qglobal.h>

int main(int argc, char** argv)
{
  (void)argv;
#ifndef Q_WS_MAC
  return ((int*)(&Q_WS_MAC))[argc];
#else
  (void)argc;
  return 0;
#endif
}

Determining if the Q_WS_WIN exist failed with the following output:
Change Dir: /home/pierre/Documents/Master/M1/MOBJ/MOBJ/TME8/build/CMakeFiles/CMakeTmp

Run Build Command:"/usr/bin/make" "cmTC_ab5e4/fast"
/usr/bin/make -f CMakeFiles/cmTC_ab5e4.dir/build.make CMakeFiles/cmTC_ab5e4.dir/build
make[1]: Entering directory '/home/pierre/Documents/Master/M1/MOBJ/MOBJ/TME8/build/CMakeFiles/CMakeTmp'
Building CXX object CMakeFiles/cmTC_ab5e4.dir/CheckSymbolExists.cxx.o
/usr/bin/c++   -I/usr/include/qt4  -std=c++11 -Wall -g    -o CMakeFiles/cmTC_ab5e4.dir/CheckSymbolExists.cxx.o -c /home/pierre/Documents/Master/M1/MOBJ/MOBJ/TME8/build/CMakeFiles/CMakeTmp/CheckSymbolExists.cxx
/home/pierre/Documents/Master/M1/MOBJ/MOBJ/TME8/build/CMakeFiles/CMakeTmp/CheckSymbolExists.cxx: In function ‘int main(int, char**)’:
/home/pierre/Documents/Master/M1/MOBJ/MOBJ/TME8/build/CMakeFiles/CMakeTmp/CheckSymbolExists.cxx:8:19: error: ‘Q_WS_WIN’ was not declared in this scope
   return ((int*)(&Q_WS_WIN))[argc];
                   ^~~~~~~~
/home/pierre/Documents/Master/M1/MOBJ/MOBJ/TME8/build/CMakeFiles/CMakeTmp/CheckSymbolExists.cxx:8:19: note: suggested alternative: ‘Q_WS_X11’
   return ((int*)(&Q_WS_WIN))[argc];
                   ^~~~~~~~
                   Q_WS_X11
CMakeFiles/cmTC_ab5e4.dir/build.make:65: recipe for target 'CMakeFiles/cmTC_ab5e4.dir/CheckSymbolExists.cxx.o' failed
make[1]: *** [CMakeFiles/cmTC_ab5e4.dir/CheckSymbolExists.cxx.o] Error 1
make[1]: Leaving directory '/home/pierre/Documents/Master/M1/MOBJ/MOBJ/TME8/build/CMakeFiles/CMakeTmp'
Makefile:126: recipe for target 'cmTC_ab5e4/fast' failed
make: *** [cmTC_ab5e4/fast] Error 2

File /home/pierre/Documents/Master/M1/MOBJ/MOBJ/TME8/build/CMakeFiles/CMakeTmp/CheckSymbolExists.cxx:
/* */
#include <QtCore/qglobal.h>

int main(int argc, char** argv)
{
  (void)argv;
#ifndef Q_WS_WIN
  return ((int*)(&Q_WS_WIN))[argc];
#else
  (void)argc;
  return 0;
#endif
}

Determining if the Q_WS_QWS exist failed with the following output:
Change Dir: /home/pierre/Documents/Master/M1/MOBJ/MOBJ/TME8/build/CMakeFiles/CMakeTmp

Run Build Command:"/usr/bin/make" "cmTC_8591a/fast"
/usr/bin/make -f CMakeFiles/cmTC_8591a.dir/build.make CMakeFiles/cmTC_8591a.dir/build
make[1]: Entering directory '/home/pierre/Documents/Master/M1/MOBJ/MOBJ/TME8/build/CMakeFiles/CMakeTmp'
Building CXX object CMakeFiles/cmTC_8591a.dir/CheckSymbolExists.cxx.o
/usr/bin/c++   -I/usr/include/qt4  -std=c++11 -Wall -g    -o CMakeFiles/cmTC_8591a.dir/CheckSymbolExists.cxx.o -c /home/pierre/Documents/Master/M1/MOBJ/MOBJ/TME8/build/CMakeFiles/CMakeTmp/CheckSymbolExists.cxx
/home/pierre/Documents/Master/M1/MOBJ/MOBJ/TME8/build/CMakeFiles/CMakeTmp/CheckSymbolExists.cxx: In function ‘int main(int, char**)’:
/home/pierre/Documents/Master/M1/MOBJ/MOBJ/TME8/build/CMakeFiles/CMakeTmp/CheckSymbolExists.cxx:8:19: error: ‘Q_WS_QWS’ was not declared in this scope
   return ((int*)(&Q_WS_QWS))[argc];
                   ^~~~~~~~
/home/pierre/Documents/Master/M1/MOBJ/MOBJ/TME8/build/CMakeFiles/CMakeTmp/CheckSymbolExists.cxx:8:19: note: suggested alternative: ‘Q_WS_X11’
   return ((int*)(&Q_WS_QWS))[argc];
                   ^~~~~~~~
                   Q_WS_X11
CMakeFiles/cmTC_8591a.dir/build.make:65: recipe for target 'CMakeFiles/cmTC_8591a.dir/CheckSymbolExists.cxx.o' failed
make[1]: *** [CMakeFiles/cmTC_8591a.dir/CheckSymbolExists.cxx.o] Error 1
make[1]: Leaving directory '/home/pierre/Documents/Master/M1/MOBJ/MOBJ/TME8/build/CMakeFiles/CMakeTmp'
Makefile:126: recipe for target 'cmTC_8591a/fast' failed
make: *** [cmTC_8591a/fast] Error 2

File /home/pierre/Documents/Master/M1/MOBJ/MOBJ/TME8/build/CMakeFiles/CMakeTmp/CheckSymbolExists.cxx:
/* */
#include <QtCore/qglobal.h>

int main(int argc, char** argv)
{
  (void)argv;
#ifndef Q_WS_QWS
  return ((int*)(&Q_WS_QWS))[argc];
#else
  (void)argc;
  return 0;
#endif
}

Determining if the Q_WS_MAC exist failed with the following output:
Change Dir: /home/pierre/Documents/Master/M1/MOBJ/MOBJ/TME8/build/CMakeFiles/CMakeTmp

Run Build Command:"/usr/bin/make" "cmTC_68abb/fast"
/usr/bin/make -f CMakeFiles/cmTC_68abb.dir/build.make CMakeFiles/cmTC_68abb.dir/build
make[1]: Entering directory '/home/pierre/Documents/Master/M1/MOBJ/MOBJ/TME8/build/CMakeFiles/CMakeTmp'
Building CXX object CMakeFiles/cmTC_68abb.dir/CheckSymbolExists.cxx.o
/usr/bin/c++   -I/usr/include/qt4  -std=c++11 -Wall -g    -o CMakeFiles/cmTC_68abb.dir/CheckSymbolExists.cxx.o -c /home/pierre/Documents/Master/M1/MOBJ/MOBJ/TME8/build/CMakeFiles/CMakeTmp/CheckSymbolExists.cxx
/home/pierre/Documents/Master/M1/MOBJ/MOBJ/TME8/build/CMakeFiles/CMakeTmp/CheckSymbolExists.cxx: In function ‘int main(int, char**)’:
/home/pierre/Documents/Master/M1/MOBJ/MOBJ/TME8/build/CMakeFiles/CMakeTmp/CheckSymbolExists.cxx:8:19: error: ‘Q_WS_MAC’ was not declared in this scope
   return ((int*)(&Q_WS_MAC))[argc];
                   ^~~~~~~~
/home/pierre/Documents/Master/M1/MOBJ/MOBJ/TME8/build/CMakeFiles/CMakeTmp/CheckSymbolExists.cxx:8:19: note: suggested alternative: ‘Q_WS_X11’
   return ((int*)(&Q_WS_MAC))[argc];
                   ^~~~~~~~
                   Q_WS_X11
CMakeFiles/cmTC_68abb.dir/build.make:65: recipe for target 'CMakeFiles/cmTC_68abb.dir/CheckSymbolExists.cxx.o' failed
make[1]: *** [CMakeFiles/cmTC_68abb.dir/CheckSymbolExists.cxx.o] Error 1
make[1]: Leaving directory '/home/pierre/Documents/Master/M1/MOBJ/MOBJ/TME8/build/CMakeFiles/CMakeTmp'
Makefile:126: recipe for target 'cmTC_68abb/fast' failed
make: *** [cmTC_68abb/fast] Error 2

File /home/pierre/Documents/Master/M1/MOBJ/MOBJ/TME8/build/CMakeFiles/CMakeTmp/CheckSymbolExists.cxx:
/* */
#include <QtCore/qglobal.h>

int main(int argc, char** argv)
{
  (void)argv;
#ifndef Q_WS_MAC
  return ((int*)(&Q_WS_MAC))[argc];
#else
  (void)argc;
  return 0;
#endif
}

Determining if the Q_WS_WIN exist failed with the following output:
Change Dir: /users/enseig/boeshertz/MOBJ/MOBJ/TME8/build/CMakeFiles/CMakeTmp

Run Build Command:/usr/bin/gmake "cmTryCompileExec2429032360/fast"
/usr/bin/gmake -f CMakeFiles/cmTryCompileExec2429032360.dir/build.make CMakeFiles/cmTryCompileExec2429032360.dir/build
gmake[1] : on entre dans le répertoire « /users/enseig/boeshertz/MOBJ/MOBJ/TME8/build/CMakeFiles/CMakeTmp »
/usr/bin/cmake -E cmake_progress_report /users/enseig/boeshertz/MOBJ/MOBJ/TME8/build/CMakeFiles/CMakeTmp/CMakeFiles 1
Building CXX object CMakeFiles/cmTryCompileExec2429032360.dir/CheckSymbolExists.cxx.o
/usr/lib64/ccache/c++    -std=c++11 -Wall -g    -o CMakeFiles/cmTryCompileExec2429032360.dir/CheckSymbolExists.cxx.o -c /users/enseig/boeshertz/MOBJ/MOBJ/TME8/build/CMakeFiles/CMakeTmp/CheckSymbolExists.cxx
/users/enseig/boeshertz/MOBJ/MOBJ/TME8/build/CMakeFiles/CMakeTmp/CheckSymbolExists.cxx: In function ‘int main(int, char**)’:
/users/enseig/boeshertz/MOBJ/MOBJ/TME8/build/CMakeFiles/CMakeTmp/CheckSymbolExists.cxx:8:19: erreur: ‘Q_WS_WIN’ was not declared in this scope
   return ((int*)(&Q_WS_WIN))[argc];
                   ^
gmake[1]: *** [CMakeFiles/cmTryCompileExec2429032360.dir/CheckSymbolExists.cxx.o] Erreur 1
gmake[1] : on quitte le répertoire « /users/enseig/boeshertz/MOBJ/MOBJ/TME8/build/CMakeFiles/CMakeTmp »
gmake: *** [cmTryCompileExec2429032360/fast] Erreur 2

File /users/enseig/boeshertz/MOBJ/MOBJ/TME8/build/CMakeFiles/CMakeTmp/CheckSymbolExists.cxx:
/* */
#include <QtCore/qglobal.h>

int main(int argc, char** argv)
{
  (void)argv;
#ifndef Q_WS_WIN
  return ((int*)(&Q_WS_WIN))[argc];
#else
  (void)argc;
  return 0;
#endif
}

Determining if the Q_WS_QWS exist failed with the following output:
Change Dir: /users/enseig/boeshertz/MOBJ/MOBJ/TME8/build/CMakeFiles/CMakeTmp

Run Build Command:/usr/bin/gmake "cmTryCompileExec2023762501/fast"
/usr/bin/gmake -f CMakeFiles/cmTryCompileExec2023762501.dir/build.make CMakeFiles/cmTryCompileExec2023762501.dir/build
gmake[1] : on entre dans le répertoire « /users/enseig/boeshertz/MOBJ/MOBJ/TME8/build/CMakeFiles/CMakeTmp »
/usr/bin/cmake -E cmake_progress_report /users/enseig/boeshertz/MOBJ/MOBJ/TME8/build/CMakeFiles/CMakeTmp/CMakeFiles 1
Building CXX object CMakeFiles/cmTryCompileExec2023762501.dir/CheckSymbolExists.cxx.o
/usr/lib64/ccache/c++    -std=c++11 -Wall -g    -o CMakeFiles/cmTryCompileExec2023762501.dir/CheckSymbolExists.cxx.o -c /users/enseig/boeshertz/MOBJ/MOBJ/TME8/build/CMakeFiles/CMakeTmp/CheckSymbolExists.cxx
/users/enseig/boeshertz/MOBJ/MOBJ/TME8/build/CMakeFiles/CMakeTmp/CheckSymbolExists.cxx: In function ‘int main(int, char**)’:
/users/enseig/boeshertz/MOBJ/MOBJ/TME8/build/CMakeFiles/CMakeTmp/CheckSymbolExists.cxx:8:19: erreur: ‘Q_WS_QWS’ was not declared in this scope
   return ((int*)(&Q_WS_QWS))[argc];
                   ^
gmake[1]: *** [CMakeFiles/cmTryCompileExec2023762501.dir/CheckSymbolExists.cxx.o] Erreur 1
gmake[1] : on quitte le répertoire « /users/enseig/boeshertz/MOBJ/MOBJ/TME8/build/CMakeFiles/CMakeTmp »
gmake: *** [cmTryCompileExec2023762501/fast] Erreur 2

File /users/enseig/boeshertz/MOBJ/MOBJ/TME8/build/CMakeFiles/CMakeTmp/CheckSymbolExists.cxx:
/* */
#include <QtCore/qglobal.h>

int main(int argc, char** argv)
{
  (void)argv;
#ifndef Q_WS_QWS
  return ((int*)(&Q_WS_QWS))[argc];
#else
  (void)argc;
  return 0;
#endif
}

Determining if the Q_WS_MAC exist failed with the following output:
Change Dir: /users/enseig/boeshertz/MOBJ/MOBJ/TME8/build/CMakeFiles/CMakeTmp

Run Build Command:/usr/bin/gmake "cmTryCompileExec1524013953/fast"
/usr/bin/gmake -f CMakeFiles/cmTryCompileExec1524013953.dir/build.make CMakeFiles/cmTryCompileExec1524013953.dir/build
gmake[1] : on entre dans le répertoire « /users/enseig/boeshertz/MOBJ/MOBJ/TME8/build/CMakeFiles/CMakeTmp »
/usr/bin/cmake -E cmake_progress_report /users/enseig/boeshertz/MOBJ/MOBJ/TME8/build/CMakeFiles/CMakeTmp/CMakeFiles 1
Building CXX object CMakeFiles/cmTryCompileExec1524013953.dir/CheckSymbolExists.cxx.o
/usr/lib64/ccache/c++    -std=c++11 -Wall -g    -o CMakeFiles/cmTryCompileExec1524013953.dir/CheckSymbolExists.cxx.o -c /users/enseig/boeshertz/MOBJ/MOBJ/TME8/build/CMakeFiles/CMakeTmp/CheckSymbolExists.cxx
/users/enseig/boeshertz/MOBJ/MOBJ/TME8/build/CMakeFiles/CMakeTmp/CheckSymbolExists.cxx: In function ‘int main(int, char**)’:
/users/enseig/boeshertz/MOBJ/MOBJ/TME8/build/CMakeFiles/CMakeTmp/CheckSymbolExists.cxx:8:19: erreur: ‘Q_WS_MAC’ was not declared in this scope
   return ((int*)(&Q_WS_MAC))[argc];
                   ^
gmake[1] : on quitte le répertoire « /users/enseig/boeshertz/MOBJ/MOBJ/TME8/build/CMakeFiles/CMakeTmp »
gmake[1]: *** [CMakeFiles/cmTryCompileExec1524013953.dir/CheckSymbolExists.cxx.o] Erreur 1
gmake: *** [cmTryCompileExec1524013953/fast] Erreur 2

File /users/enseig/boeshertz/MOBJ/MOBJ/TME8/build/CMakeFiles/CMakeTmp/CheckSymbolExists.cxx:
/* */
#include <QtCore/qglobal.h>

int main(int argc, char** argv)
{
  (void)argv;
#ifndef Q_WS_MAC
  return ((int*)(&Q_WS_MAC))[argc];
#else
  (void)argc;
  return 0;
#endif
}

Determining if the Q_WS_WIN exist failed with the following output:
Change Dir: /users/enseig/boeshertz/MOBJ/MOBJ/TME8/build/CMakeFiles/CMakeTmp

Run Build Command:/usr/bin/gmake "cmTryCompileExec3011389804/fast"
/usr/bin/gmake -f CMakeFiles/cmTryCompileExec3011389804.dir/build.make CMakeFiles/cmTryCompileExec3011389804.dir/build
gmake[1] : on entre dans le répertoire « /users/enseig/boeshertz/MOBJ/MOBJ/TME8/build/CMakeFiles/CMakeTmp »
/usr/bin/cmake -E cmake_progress_report /users/enseig/boeshertz/MOBJ/MOBJ/TME8/build/CMakeFiles/CMakeTmp/CMakeFiles 1
Building CXX object CMakeFiles/cmTryCompileExec3011389804.dir/CheckSymbolExists.cxx.o
/usr/lib64/ccache/c++    -std=c++11 -Wall -g    -o CMakeFiles/cmTryCompileExec3011389804.dir/CheckSymbolExists.cxx.o -c /users/enseig/boeshertz/MOBJ/MOBJ/TME8/build/CMakeFiles/CMakeTmp/CheckSymbolExists.cxx
/users/enseig/boeshertz/MOBJ/MOBJ/TME8/build/CMakeFiles/CMakeTmp/CheckSymbolExists.cxx: In function ‘int main(int, char**)’:
/users/enseig/boeshertz/MOBJ/MOBJ/TME8/build/CMakeFiles/CMakeTmp/CheckSymbolExists.cxx:8:19: erreur: ‘Q_WS_WIN’ was not declared in this scope
   return ((int*)(&Q_WS_WIN))[argc];
                   ^
gmake[1] : on quitte le répertoire « /users/enseig/boeshertz/MOBJ/MOBJ/TME8/build/CMakeFiles/CMakeTmp »
gmake[1]: *** [CMakeFiles/cmTryCompileExec3011389804.dir/CheckSymbolExists.cxx.o] Erreur 1
gmake: *** [cmTryCompileExec3011389804/fast] Erreur 2

File /users/enseig/boeshertz/MOBJ/MOBJ/TME8/build/CMakeFiles/CMakeTmp/CheckSymbolExists.cxx:
/* */
#include <QtCore/qglobal.h>

int main(int argc, char** argv)
{
  (void)argv;
#ifndef Q_WS_WIN
  return ((int*)(&Q_WS_WIN))[argc];
#else
  (void)argc;
  return 0;
#endif
}

Determining if the Q_WS_QWS exist failed with the following output:
Change Dir: /users/enseig/boeshertz/MOBJ/MOBJ/TME8/build/CMakeFiles/CMakeTmp

Run Build Command:/usr/bin/gmake "cmTryCompileExec1238776432/fast"
/usr/bin/gmake -f CMakeFiles/cmTryCompileExec1238776432.dir/build.make CMakeFiles/cmTryCompileExec1238776432.dir/build
gmake[1] : on entre dans le répertoire « /users/enseig/boeshertz/MOBJ/MOBJ/TME8/build/CMakeFiles/CMakeTmp »
/usr/bin/cmake -E cmake_progress_report /users/enseig/boeshertz/MOBJ/MOBJ/TME8/build/CMakeFiles/CMakeTmp/CMakeFiles 1
Building CXX object CMakeFiles/cmTryCompileExec1238776432.dir/CheckSymbolExists.cxx.o
/usr/lib64/ccache/c++    -std=c++11 -Wall -g    -o CMakeFiles/cmTryCompileExec1238776432.dir/CheckSymbolExists.cxx.o -c /users/enseig/boeshertz/MOBJ/MOBJ/TME8/build/CMakeFiles/CMakeTmp/CheckSymbolExists.cxx
/users/enseig/boeshertz/MOBJ/MOBJ/TME8/build/CMakeFiles/CMakeTmp/CheckSymbolExists.cxx: In function ‘int main(int, char**)’:
/users/enseig/boeshertz/MOBJ/MOBJ/TME8/build/CMakeFiles/CMakeTmp/CheckSymbolExists.cxx:8:19: erreur: ‘Q_WS_QWS’ was not declared in this scope
   return ((int*)(&Q_WS_QWS))[argc];
                   ^
gmake[1]: *** [CMakeFiles/cmTryCompileExec1238776432.dir/CheckSymbolExists.cxx.o] Erreur 1
gmake[1] : on quitte le répertoire « /users/enseig/boeshertz/MOBJ/MOBJ/TME8/build/CMakeFiles/CMakeTmp »
gmake: *** [cmTryCompileExec1238776432/fast] Erreur 2

File /users/enseig/boeshertz/MOBJ/MOBJ/TME8/build/CMakeFiles/CMakeTmp/CheckSymbolExists.cxx:
/* */
#include <QtCore/qglobal.h>

int main(int argc, char** argv)
{
  (void)argv;
#ifndef Q_WS_QWS
  return ((int*)(&Q_WS_QWS))[argc];
#else
  (void)argc;
  return 0;
#endif
}

Determining if the Q_WS_MAC exist failed with the following output:
Change Dir: /users/enseig/boeshertz/MOBJ/MOBJ/TME8/build/CMakeFiles/CMakeTmp

Run Build Command:/usr/bin/gmake "cmTryCompileExec1010554313/fast"
/usr/bin/gmake -f CMakeFiles/cmTryCompileExec1010554313.dir/build.make CMakeFiles/cmTryCompileExec1010554313.dir/build
gmake[1] : on entre dans le répertoire « /users/enseig/boeshertz/MOBJ/MOBJ/TME8/build/CMakeFiles/CMakeTmp »
/usr/bin/cmake -E cmake_progress_report /users/enseig/boeshertz/MOBJ/MOBJ/TME8/build/CMakeFiles/CMakeTmp/CMakeFiles 1
Building CXX object CMakeFiles/cmTryCompileExec1010554313.dir/CheckSymbolExists.cxx.o
/usr/lib64/ccache/c++    -std=c++11 -Wall -g    -o CMakeFiles/cmTryCompileExec1010554313.dir/CheckSymbolExists.cxx.o -c /users/enseig/boeshertz/MOBJ/MOBJ/TME8/build/CMakeFiles/CMakeTmp/CheckSymbolExists.cxx
/users/enseig/boeshertz/MOBJ/MOBJ/TME8/build/CMakeFiles/CMakeTmp/CheckSymbolExists.cxx: In function ‘int main(int, char**)’:
/users/enseig/boeshertz/MOBJ/MOBJ/TME8/build/CMakeFiles/CMakeTmp/CheckSymbolExists.cxx:8:19: erreur: ‘Q_WS_MAC’ was not declared in this scope
   return ((int*)(&Q_WS_MAC))[argc];
                   ^
gmake[1]: *** [CMakeFiles/cmTryCompileExec1010554313.dir/CheckSymbolExists.cxx.o] Erreur 1
gmake[1] : on quitte le répertoire « /users/enseig/boeshertz/MOBJ/MOBJ/TME8/build/CMakeFiles/CMakeTmp »
gmake: *** [cmTryCompileExec1010554313/fast] Erreur 2

File /users/enseig/boeshertz/MOBJ/MOBJ/TME8/build/CMakeFiles/CMakeTmp/CheckSymbolExists.cxx:
/* */
#include <QtCore/qglobal.h>

int main(int argc, char** argv)
{
  (void)argv;
#ifndef Q_WS_MAC
  return ((int*)(&Q_WS_MAC))[argc];
#else
  (void)argc;
  return 0;
#endif
}

Determining if the Q_WS_WIN exist failed with the following output:
Change Dir: /users/enseig/boeshertz/MOBJ/MOBJ/TME8/build/CMakeFiles/CMakeTmp

Run Build Command:/usr/bin/gmake "cmTryCompileExec129451498/fast"
/usr/bin/gmake -f CMakeFiles/cmTryCompileExec129451498.dir/build.make CMakeFiles/cmTryCompileExec129451498.dir/build
gmake[1] : on entre dans le répertoire « /users/enseig/boeshertz/MOBJ/MOBJ/TME8/build/CMakeFiles/CMakeTmp »
/usr/bin/cmake -E cmake_progress_report /users/enseig/boeshertz/MOBJ/MOBJ/TME8/build/CMakeFiles/CMakeTmp/CMakeFiles 1
Building CXX object CMakeFiles/cmTryCompileExec129451498.dir/CheckSymbolExists.cxx.o
/usr/lib64/ccache/c++    -std=c++11 -Wall -g    -o CMakeFiles/cmTryCompileExec129451498.dir/CheckSymbolExists.cxx.o -c /users/enseig/boeshertz/MOBJ/MOBJ/TME8/build/CMakeFiles/CMakeTmp/CheckSymbolExists.cxx
/users/enseig/boeshertz/MOBJ/MOBJ/TME8/build/CMakeFiles/CMakeTmp/CheckSymbolExists.cxx: In function ‘int main(int, char**)’:
/users/enseig/boeshertz/MOBJ/MOBJ/TME8/build/CMakeFiles/CMakeTmp/CheckSymbolExists.cxx:8:19: erreur: ‘Q_WS_WIN’ was not declared in this scope
   return ((int*)(&Q_WS_WIN))[argc];
                   ^
gmake[1] : on quitte le répertoire « /users/enseig/boeshertz/MOBJ/MOBJ/TME8/build/CMakeFiles/CMakeTmp »
gmake[1]: *** [CMakeFiles/cmTryCompileExec129451498.dir/CheckSymbolExists.cxx.o] Erreur 1
gmake: *** [cmTryCompileExec129451498/fast] Erreur 2

File /users/enseig/boeshertz/MOBJ/MOBJ/TME8/build/CMakeFiles/CMakeTmp/CheckSymbolExists.cxx:
/* */
#include <QtCore/qglobal.h>

int main(int argc, char** argv)
{
  (void)argv;
#ifndef Q_WS_WIN
  return ((int*)(&Q_WS_WIN))[argc];
#else
  (void)argc;
  return 0;
#endif
}

Determining if the Q_WS_QWS exist failed with the following output:
Change Dir: /users/enseig/boeshertz/MOBJ/MOBJ/TME8/build/CMakeFiles/CMakeTmp

Run Build Command:/usr/bin/gmake "cmTryCompileExec2335751999/fast"
/usr/bin/gmake -f CMakeFiles/cmTryCompileExec2335751999.dir/build.make CMakeFiles/cmTryCompileExec2335751999.dir/build
gmake[1] : on entre dans le répertoire « /users/enseig/boeshertz/MOBJ/MOBJ/TME8/build/CMakeFiles/CMakeTmp »
/usr/bin/cmake -E cmake_progress_report /users/enseig/boeshertz/MOBJ/MOBJ/TME8/build/CMakeFiles/CMakeTmp/CMakeFiles 1
Building CXX object CMakeFiles/cmTryCompileExec2335751999.dir/CheckSymbolExists.cxx.o
/usr/lib64/ccache/c++    -std=c++11 -Wall -g    -o CMakeFiles/cmTryCompileExec2335751999.dir/CheckSymbolExists.cxx.o -c /users/enseig/boeshertz/MOBJ/MOBJ/TME8/build/CMakeFiles/CMakeTmp/CheckSymbolExists.cxx
/users/enseig/boeshertz/MOBJ/MOBJ/TME8/build/CMakeFiles/CMakeTmp/CheckSymbolExists.cxx: In function ‘int main(int, char**)’:
/users/enseig/boeshertz/MOBJ/MOBJ/TME8/build/CMakeFiles/CMakeTmp/CheckSymbolExists.cxx:8:19: erreur: ‘Q_WS_QWS’ was not declared in this scope
   return ((int*)(&Q_WS_QWS))[argc];
                   ^
gmake[1] : on quitte le répertoire « /users/enseig/boeshertz/MOBJ/MOBJ/TME8/build/CMakeFiles/CMakeTmp »
gmake[1]: *** [CMakeFiles/cmTryCompileExec2335751999.dir/CheckSymbolExists.cxx.o] Erreur 1
gmake: *** [cmTryCompileExec2335751999/fast] Erreur 2

File /users/enseig/boeshertz/MOBJ/MOBJ/TME8/build/CMakeFiles/CMakeTmp/CheckSymbolExists.cxx:
/* */
#include <QtCore/qglobal.h>

int main(int argc, char** argv)
{
  (void)argv;
#ifndef Q_WS_QWS
  return ((int*)(&Q_WS_QWS))[argc];
#else
  (void)argc;
  return 0;
#endif
}

Determining if the Q_WS_MAC exist failed with the following output:
Change Dir: /users/enseig/boeshertz/MOBJ/MOBJ/TME8/build/CMakeFiles/CMakeTmp

Run Build Command:/usr/bin/gmake "cmTryCompileExec1539971608/fast"
/usr/bin/gmake -f CMakeFiles/cmTryCompileExec1539971608.dir/build.make CMakeFiles/cmTryCompileExec1539971608.dir/build
gmake[1] : on entre dans le répertoire « /users/enseig/boeshertz/MOBJ/MOBJ/TME8/build/CMakeFiles/CMakeTmp »
/usr/bin/cmake -E cmake_progress_report /users/enseig/boeshertz/MOBJ/MOBJ/TME8/build/CMakeFiles/CMakeTmp/CMakeFiles 1
Building CXX object CMakeFiles/cmTryCompileExec1539971608.dir/CheckSymbolExists.cxx.o
/usr/lib64/ccache/c++    -std=c++11 -Wall -g    -o CMakeFiles/cmTryCompileExec1539971608.dir/CheckSymbolExists.cxx.o -c /users/enseig/boeshertz/MOBJ/MOBJ/TME8/build/CMakeFiles/CMakeTmp/CheckSymbolExists.cxx
/users/enseig/boeshertz/MOBJ/MOBJ/TME8/build/CMakeFiles/CMakeTmp/CheckSymbolExists.cxx: In function ‘int main(int, char**)’:
/users/enseig/boeshertz/MOBJ/MOBJ/TME8/build/CMakeFiles/CMakeTmp/CheckSymbolExists.cxx:8:19: erreur: ‘Q_WS_MAC’ was not declared in this scope
   return ((int*)(&Q_WS_MAC))[argc];
                   ^
gmake[1]: *** [CMakeFiles/cmTryCompileExec1539971608.dir/CheckSymbolExists.cxx.o] Erreur 1
gmake[1] : on quitte le répertoire « /users/enseig/boeshertz/MOBJ/MOBJ/TME8/build/CMakeFiles/CMakeTmp »
gmake: *** [cmTryCompileExec1539971608/fast] Erreur 2

File /users/enseig/boeshertz/MOBJ/MOBJ/TME8/build/CMakeFiles/CMakeTmp/CheckSymbolExists.cxx:
/* */
#include <QtCore/qglobal.h>

int main(int argc, char** argv)
{
  (void)argv;
#ifndef Q_WS_MAC
  return ((int*)(&Q_WS_MAC))[argc];
#else
  (void)argc;
  return 0;
#endif
}

Determining if the Q_WS_WIN exist failed with the following output:
Change Dir: /users/enseig/boeshertz/MOBJ/MOBJ/TME8/build/CMakeFiles/CMakeTmp

Run Build Command:/usr/bin/gmake "cmTryCompileExec3229987004/fast"
/usr/bin/gmake -f CMakeFiles/cmTryCompileExec3229987004.dir/build.make CMakeFiles/cmTryCompileExec3229987004.dir/build
gmake[1] : on entre dans le répertoire « /users/enseig/boeshertz/MOBJ/MOBJ/TME8/build/CMakeFiles/CMakeTmp »
/usr/bin/cmake -E cmake_progress_report /users/enseig/boeshertz/MOBJ/MOBJ/TME8/build/CMakeFiles/CMakeTmp/CMakeFiles 1
Building CXX object CMakeFiles/cmTryCompileExec3229987004.dir/CheckSymbolExists.cxx.o
/usr/lib64/ccache/c++    -std=c++11 -Wall -g    -o CMakeFiles/cmTryCompileExec3229987004.dir/CheckSymbolExists.cxx.o -c /users/enseig/boeshertz/MOBJ/MOBJ/TME8/build/CMakeFiles/CMakeTmp/CheckSymbolExists.cxx
/users/enseig/boeshertz/MOBJ/MOBJ/TME8/build/CMakeFiles/CMakeTmp/CheckSymbolExists.cxx: In function ‘int main(int, char**)’:
/users/enseig/boeshertz/MOBJ/MOBJ/TME8/build/CMakeFiles/CMakeTmp/CheckSymbolExists.cxx:8:19: erreur: ‘Q_WS_WIN’ was not declared in this scope
   return ((int*)(&Q_WS_WIN))[argc];
                   ^
gmake[1] : on quitte le répertoire « /users/enseig/boeshertz/MOBJ/MOBJ/TME8/build/CMakeFiles/CMakeTmp »
gmake[1]: *** [CMakeFiles/cmTryCompileExec3229987004.dir/CheckSymbolExists.cxx.o] Erreur 1
gmake: *** [cmTryCompileExec3229987004/fast] Erreur 2

File /users/enseig/boeshertz/MOBJ/MOBJ/TME8/build/CMakeFiles/CMakeTmp/CheckSymbolExists.cxx:
/* */
#include <QtCore/qglobal.h>

int main(int argc, char** argv)
{
  (void)argv;
#ifndef Q_WS_WIN
  return ((int*)(&Q_WS_WIN))[argc];
#else
  (void)argc;
  return 0;
#endif
}

Determining if the Q_WS_QWS exist failed with the following output:
Change Dir: /users/enseig/boeshertz/MOBJ/MOBJ/TME8/build/CMakeFiles/CMakeTmp

Run Build Command:/usr/bin/gmake "cmTryCompileExec2403863959/fast"
/usr/bin/gmake -f CMakeFiles/cmTryCompileExec2403863959.dir/build.make CMakeFiles/cmTryCompileExec2403863959.dir/build
gmake[1] : on entre dans le répertoire « /users/enseig/boeshertz/MOBJ/MOBJ/TME8/build/CMakeFiles/CMakeTmp »
/usr/bin/cmake -E cmake_progress_report /users/enseig/boeshertz/MOBJ/MOBJ/TME8/build/CMakeFiles/CMakeTmp/CMakeFiles 1
Building CXX object CMakeFiles/cmTryCompileExec2403863959.dir/CheckSymbolExists.cxx.o
/usr/lib64/ccache/c++    -std=c++11 -Wall -g    -o CMakeFiles/cmTryCompileExec2403863959.dir/CheckSymbolExists.cxx.o -c /users/enseig/boeshertz/MOBJ/MOBJ/TME8/build/CMakeFiles/CMakeTmp/CheckSymbolExists.cxx
/users/enseig/boeshertz/MOBJ/MOBJ/TME8/build/CMakeFiles/CMakeTmp/CheckSymbolExists.cxx: In function ‘int main(int, char**)’:
/users/enseig/boeshertz/MOBJ/MOBJ/TME8/build/CMakeFiles/CMakeTmp/CheckSymbolExists.cxx:8:19: erreur: ‘Q_WS_QWS’ was not declared in this scope
   return ((int*)(&Q_WS_QWS))[argc];
                   ^
gmake[1] : on quitte le répertoire « /users/enseig/boeshertz/MOBJ/MOBJ/TME8/build/CMakeFiles/CMakeTmp »
gmake[1]: *** [CMakeFiles/cmTryCompileExec2403863959.dir/CheckSymbolExists.cxx.o] Erreur 1
gmake: *** [cmTryCompileExec2403863959/fast] Erreur 2

File /users/enseig/boeshertz/MOBJ/MOBJ/TME8/build/CMakeFiles/CMakeTmp/CheckSymbolExists.cxx:
/* */
#include <QtCore/qglobal.h>

int main(int argc, char** argv)
{
  (void)argv;
#ifndef Q_WS_QWS
  return ((int*)(&Q_WS_QWS))[argc];
#else
  (void)argc;
  return 0;
#endif
}

Determining if the Q_WS_MAC exist failed with the following output:
Change Dir: /users/enseig/boeshertz/MOBJ/MOBJ/TME8/build/CMakeFiles/CMakeTmp

Run Build Command:/usr/bin/gmake "cmTryCompileExec276488768/fast"
/usr/bin/gmake -f CMakeFiles/cmTryCompileExec276488768.dir/build.make CMakeFiles/cmTryCompileExec276488768.dir/build
gmake[1] : on entre dans le répertoire « /users/enseig/boeshertz/MOBJ/MOBJ/TME8/build/CMakeFiles/CMakeTmp »
/usr/bin/cmake -E cmake_progress_report /users/enseig/boeshertz/MOBJ/MOBJ/TME8/build/CMakeFiles/CMakeTmp/CMakeFiles 1
Building CXX object CMakeFiles/cmTryCompileExec276488768.dir/CheckSymbolExists.cxx.o
/usr/lib64/ccache/c++    -std=c++11 -Wall -g    -o CMakeFiles/cmTryCompileExec276488768.dir/CheckSymbolExists.cxx.o -c /users/enseig/boeshertz/MOBJ/MOBJ/TME8/build/CMakeFiles/CMakeTmp/CheckSymbolExists.cxx
/users/enseig/boeshertz/MOBJ/MOBJ/TME8/build/CMakeFiles/CMakeTmp/CheckSymbolExists.cxx: In function ‘int main(int, char**)’:
/users/enseig/boeshertz/MOBJ/MOBJ/TME8/build/CMakeFiles/CMakeTmp/CheckSymbolExists.cxx:8:19: erreur: ‘Q_WS_MAC’ was not declared in this scope
   return ((int*)(&Q_WS_MAC))[argc];
                   ^
gmake[1] : on quitte le répertoire « /users/enseig/boeshertz/MOBJ/MOBJ/TME8/build/CMakeFiles/CMakeTmp »
gmake[1]: *** [CMakeFiles/cmTryCompileExec276488768.dir/CheckSymbolExists.cxx.o] Erreur 1
gmake: *** [cmTryCompileExec276488768/fast] Erreur 2

File /users/enseig/boeshertz/MOBJ/MOBJ/TME8/build/CMakeFiles/CMakeTmp/CheckSymbolExists.cxx:
/* */
#include <QtCore/qglobal.h>

int main(int argc, char** argv)
{
  (void)argv;
#ifndef Q_WS_MAC
  return ((int*)(&Q_WS_MAC))[argc];
#else
  (void)argc;
  return 0;
#endif
}

Determining if the Q_WS_WIN exist failed with the following output:
Change Dir: /users/enseig/boeshertz/MOBJ/MOBJ/TME8/build/CMakeFiles/CMakeTmp

Run Build Command:/usr/bin/gmake "cmTryCompileExec3387924737/fast"
/usr/bin/gmake -f CMakeFiles/cmTryCompileExec3387924737.dir/build.make CMakeFiles/cmTryCompileExec3387924737.dir/build
gmake[1] : on entre dans le répertoire « /users/enseig/boeshertz/MOBJ/MOBJ/TME8/build/CMakeFiles/CMakeTmp »
/usr/bin/cmake -E cmake_progress_report /users/enseig/boeshertz/MOBJ/MOBJ/TME8/build/CMakeFiles/CMakeTmp/CMakeFiles 1
Building CXX object CMakeFiles/cmTryCompileExec3387924737.dir/CheckSymbolExists.cxx.o
/usr/lib64/ccache/c++    -std=c++11 -Wall -g    -o CMakeFiles/cmTryCompileExec3387924737.dir/CheckSymbolExists.cxx.o -c /users/enseig/boeshertz/MOBJ/MOBJ/TME8/build/CMakeFiles/CMakeTmp/CheckSymbolExists.cxx
/users/enseig/boeshertz/MOBJ/MOBJ/TME8/build/CMakeFiles/CMakeTmp/CheckSymbolExists.cxx: In function ‘int main(int, char**)’:
/users/enseig/boeshertz/MOBJ/MOBJ/TME8/build/CMakeFiles/CMakeTmp/CheckSymbolExists.cxx:8:19: erreur: ‘Q_WS_WIN’ was not declared in this scope
   return ((int*)(&Q_WS_WIN))[argc];
                   ^
gmake[1]: *** [CMakeFiles/cmTryCompileExec3387924737.dir/CheckSymbolExists.cxx.o] Erreur 1
gmake[1] : on quitte le répertoire « /users/enseig/boeshertz/MOBJ/MOBJ/TME8/build/CMakeFiles/CMakeTmp »
gmake: *** [cmTryCompileExec3387924737/fast] Erreur 2

File /users/enseig/boeshertz/MOBJ/MOBJ/TME8/build/CMakeFiles/CMakeTmp/CheckSymbolExists.cxx:
/* */
#include <QtCore/qglobal.h>

int main(int argc, char** argv)
{
  (void)argv;
#ifndef Q_WS_WIN
  return ((int*)(&Q_WS_WIN))[argc];
#else
  (void)argc;
  return 0;
#endif
}

Determining if the Q_WS_QWS exist failed with the following output:
Change Dir: /users/enseig/boeshertz/MOBJ/MOBJ/TME8/build/CMakeFiles/CMakeTmp

Run Build Command:/usr/bin/gmake "cmTryCompileExec2240968082/fast"
/usr/bin/gmake -f CMakeFiles/cmTryCompileExec2240968082.dir/build.make CMakeFiles/cmTryCompileExec2240968082.dir/build
gmake[1] : on entre dans le répertoire « /users/enseig/boeshertz/MOBJ/MOBJ/TME8/build/CMakeFiles/CMakeTmp »
/usr/bin/cmake -E cmake_progress_report /users/enseig/boeshertz/MOBJ/MOBJ/TME8/build/CMakeFiles/CMakeTmp/CMakeFiles 1
Building CXX object CMakeFiles/cmTryCompileExec2240968082.dir/CheckSymbolExists.cxx.o
/usr/lib64/ccache/c++    -std=c++11 -Wall -g    -o CMakeFiles/cmTryCompileExec2240968082.dir/CheckSymbolExists.cxx.o -c /users/enseig/boeshertz/MOBJ/MOBJ/TME8/build/CMakeFiles/CMakeTmp/CheckSymbolExists.cxx
/users/enseig/boeshertz/MOBJ/MOBJ/TME8/build/CMakeFiles/CMakeTmp/CheckSymbolExists.cxx: In function ‘int main(int, char**)’:
/users/enseig/boeshertz/MOBJ/MOBJ/TME8/build/CMakeFiles/CMakeTmp/CheckSymbolExists.cxx:8:19: erreur: ‘Q_WS_QWS’ was not declared in this scope
   return ((int*)(&Q_WS_QWS))[argc];
                   ^
gmake[1]: *** [CMakeFiles/cmTryCompileExec2240968082.dir/CheckSymbolExists.cxx.o] Erreur 1
gmake[1] : on quitte le répertoire « /users/enseig/boeshertz/MOBJ/MOBJ/TME8/build/CMakeFiles/CMakeTmp »
gmake: *** [cmTryCompileExec2240968082/fast] Erreur 2

File /users/enseig/boeshertz/MOBJ/MOBJ/TME8/build/CMakeFiles/CMakeTmp/CheckSymbolExists.cxx:
/* */
#include <QtCore/qglobal.h>

int main(int argc, char** argv)
{
  (void)argv;
#ifndef Q_WS_QWS
  return ((int*)(&Q_WS_QWS))[argc];
#else
  (void)argc;
  return 0;
#endif
}

Determining if the Q_WS_MAC exist failed with the following output:
Change Dir: /users/enseig/boeshertz/MOBJ/MOBJ/TME8/build/CMakeFiles/CMakeTmp

Run Build Command:/usr/bin/gmake "cmTryCompileExec4235621484/fast"
/usr/bin/gmake -f CMakeFiles/cmTryCompileExec4235621484.dir/build.make CMakeFiles/cmTryCompileExec4235621484.dir/build
gmake[1] : on entre dans le répertoire « /users/enseig/boeshertz/MOBJ/MOBJ/TME8/build/CMakeFiles/CMakeTmp »
/usr/bin/cmake -E cmake_progress_report /users/enseig/boeshertz/MOBJ/MOBJ/TME8/build/CMakeFiles/CMakeTmp/CMakeFiles 1
Building CXX object CMakeFiles/cmTryCompileExec4235621484.dir/CheckSymbolExists.cxx.o
/usr/lib64/ccache/c++    -std=c++11 -Wall -g    -o CMakeFiles/cmTryCompileExec4235621484.dir/CheckSymbolExists.cxx.o -c /users/enseig/boeshertz/MOBJ/MOBJ/TME8/build/CMakeFiles/CMakeTmp/CheckSymbolExists.cxx
/users/enseig/boeshertz/MOBJ/MOBJ/TME8/build/CMakeFiles/CMakeTmp/CheckSymbolExists.cxx: In function ‘int main(int, char**)’:
/users/enseig/boeshertz/MOBJ/MOBJ/TME8/build/CMakeFiles/CMakeTmp/CheckSymbolExists.cxx:8:19: erreur: ‘Q_WS_MAC’ was not declared in this scope
   return ((int*)(&Q_WS_MAC))[argc];
                   ^
gmake[1] : on quitte le répertoire « /users/enseig/boeshertz/MOBJ/MOBJ/TME8/build/CMakeFiles/CMakeTmp »
gmake[1]: *** [CMakeFiles/cmTryCompileExec4235621484.dir/CheckSymbolExists.cxx.o] Erreur 1
gmake: *** [cmTryCompileExec4235621484/fast] Erreur 2

File /users/enseig/boeshertz/MOBJ/MOBJ/TME8/build/CMakeFiles/CMakeTmp/CheckSymbolExists.cxx:
/* */
#include <QtCore/qglobal.h>

int main(int argc, char** argv)
{
  (void)argv;
#ifndef Q_WS_MAC
  return ((int*)(&Q_WS_MAC))[argc];
#else
  (void)argc;
  return 0;
#endif
}

Determining if the Q_WS_WIN exist failed with the following output:
Change Dir: /home/pierre/Documents/Master/M1/MOBJ/MOBJ/TME8/build/CMakeFiles/CMakeTmp

Run Build Command:"/usr/bin/make" "cmTC_1df8d/fast"
/usr/bin/make -f CMakeFiles/cmTC_1df8d.dir/build.make CMakeFiles/cmTC_1df8d.dir/build
make[1]: Entering directory '/home/pierre/Documents/Master/M1/MOBJ/MOBJ/TME8/build/CMakeFiles/CMakeTmp'
Building CXX object CMakeFiles/cmTC_1df8d.dir/CheckSymbolExists.cxx.o
/usr/bin/c++   -I/usr/include/qt4  -std=c++11 -Wall -g    -o CMakeFiles/cmTC_1df8d.dir/CheckSymbolExists.cxx.o -c /home/pierre/Documents/Master/M1/MOBJ/MOBJ/TME8/build/CMakeFiles/CMakeTmp/CheckSymbolExists.cxx
/home/pierre/Documents/Master/M1/MOBJ/MOBJ/TME8/build/CMakeFiles/CMakeTmp/CheckSymbolExists.cxx: In function ‘int main(int, char**)’:
/home/pierre/Documents/Master/M1/MOBJ/MOBJ/TME8/build/CMakeFiles/CMakeTmp/CheckSymbolExists.cxx:8:19: error: ‘Q_WS_WIN’ was not declared in this scope
   return ((int*)(&Q_WS_WIN))[argc];
                   ^~~~~~~~
/home/pierre/Documents/Master/M1/MOBJ/MOBJ/TME8/build/CMakeFiles/CMakeTmp/CheckSymbolExists.cxx:8:19: note: suggested alternative: ‘Q_WS_X11’
   return ((int*)(&Q_WS_WIN))[argc];
                   ^~~~~~~~
                   Q_WS_X11
CMakeFiles/cmTC_1df8d.dir/build.make:65: recipe for target 'CMakeFiles/cmTC_1df8d.dir/CheckSymbolExists.cxx.o' failed
make[1]: *** [CMakeFiles/cmTC_1df8d.dir/CheckSymbolExists.cxx.o] Error 1
make[1]: Leaving directory '/home/pierre/Documents/Master/M1/MOBJ/MOBJ/TME8/build/CMakeFiles/CMakeTmp'
Makefile:126: recipe for target 'cmTC_1df8d/fast' failed
make: *** [cmTC_1df8d/fast] Error 2

File /home/pierre/Documents/Master/M1/MOBJ/MOBJ/TME8/build/CMakeFiles/CMakeTmp/CheckSymbolExists.cxx:
/* */
#include <QtCore/qglobal.h>

int main(int argc, char** argv)
{
  (void)argv;
#ifndef Q_WS_WIN
  return ((int*)(&Q_WS_WIN))[argc];
#else
  (void)argc;
  return 0;
#endif
}

Determining if the Q_WS_QWS exist failed with the following output:
Change Dir: /home/pierre/Documents/Master/M1/MOBJ/MOBJ/TME8/build/CMakeFiles/CMakeTmp

Run Build Command:"/usr/bin/make" "cmTC_22a05/fast"
/usr/bin/make -f CMakeFiles/cmTC_22a05.dir/build.make CMakeFiles/cmTC_22a05.dir/build
make[1]: Entering directory '/home/pierre/Documents/Master/M1/MOBJ/MOBJ/TME8/build/CMakeFiles/CMakeTmp'
Building CXX object CMakeFiles/cmTC_22a05.dir/CheckSymbolExists.cxx.o
/usr/bin/c++   -I/usr/include/qt4  -std=c++11 -Wall -g    -o CMakeFiles/cmTC_22a05.dir/CheckSymbolExists.cxx.o -c /home/pierre/Documents/Master/M1/MOBJ/MOBJ/TME8/build/CMakeFiles/CMakeTmp/CheckSymbolExists.cxx
/home/pierre/Documents/Master/M1/MOBJ/MOBJ/TME8/build/CMakeFiles/CMakeTmp/CheckSymbolExists.cxx: In function ‘int main(int, char**)’:
/home/pierre/Documents/Master/M1/MOBJ/MOBJ/TME8/build/CMakeFiles/CMakeTmp/CheckSymbolExists.cxx:8:19: error: ‘Q_WS_QWS’ was not declared in this scope
   return ((int*)(&Q_WS_QWS))[argc];
                   ^~~~~~~~
/home/pierre/Documents/Master/M1/MOBJ/MOBJ/TME8/build/CMakeFiles/CMakeTmp/CheckSymbolExists.cxx:8:19: note: suggested alternative: ‘Q_WS_X11’
   return ((int*)(&Q_WS_QWS))[argc];
                   ^~~~~~~~
                   Q_WS_X11
CMakeFiles/cmTC_22a05.dir/build.make:65: recipe for target 'CMakeFiles/cmTC_22a05.dir/CheckSymbolExists.cxx.o' failed
make[1]: *** [CMakeFiles/cmTC_22a05.dir/CheckSymbolExists.cxx.o] Error 1
make[1]: Leaving directory '/home/pierre/Documents/Master/M1/MOBJ/MOBJ/TME8/build/CMakeFiles/CMakeTmp'
Makefile:126: recipe for target 'cmTC_22a05/fast' failed
make: *** [cmTC_22a05/fast] Error 2

File /home/pierre/Documents/Master/M1/MOBJ/MOBJ/TME8/build/CMakeFiles/CMakeTmp/CheckSymbolExists.cxx:
/* */
#include <QtCore/qglobal.h>

int main(int argc, char** argv)
{
  (void)argv;
#ifndef Q_WS_QWS
  return ((int*)(&Q_WS_QWS))[argc];
#else
  (void)argc;
  return 0;
#endif
}

Determining if the Q_WS_MAC exist failed with the following output:
Change Dir: /home/pierre/Documents/Master/M1/MOBJ/MOBJ/TME8/build/CMakeFiles/CMakeTmp

Run Build Command:"/usr/bin/make" "cmTC_91ae5/fast"
/usr/bin/make -f CMakeFiles/cmTC_91ae5.dir/build.make CMakeFiles/cmTC_91ae5.dir/build
make[1]: Entering directory '/home/pierre/Documents/Master/M1/MOBJ/MOBJ/TME8/build/CMakeFiles/CMakeTmp'
Building CXX object CMakeFiles/cmTC_91ae5.dir/CheckSymbolExists.cxx.o
/usr/bin/c++   -I/usr/include/qt4  -std=c++11 -Wall -g    -o CMakeFiles/cmTC_91ae5.dir/CheckSymbolExists.cxx.o -c /home/pierre/Documents/Master/M1/MOBJ/MOBJ/TME8/build/CMakeFiles/CMakeTmp/CheckSymbolExists.cxx
/home/pierre/Documents/Master/M1/MOBJ/MOBJ/TME8/build/CMakeFiles/CMakeTmp/CheckSymbolExists.cxx: In function ‘int main(int, char**)’:
/home/pierre/Documents/Master/M1/MOBJ/MOBJ/TME8/build/CMakeFiles/CMakeTmp/CheckSymbolExists.cxx:8:19: error: ‘Q_WS_MAC’ was not declared in this scope
   return ((int*)(&Q_WS_MAC))[argc];
                   ^~~~~~~~
/home/pierre/Documents/Master/M1/MOBJ/MOBJ/TME8/build/CMakeFiles/CMakeTmp/CheckSymbolExists.cxx:8:19: note: suggested alternative: ‘Q_WS_X11’
   return ((int*)(&Q_WS_MAC))[argc];
                   ^~~~~~~~
                   Q_WS_X11
CMakeFiles/cmTC_91ae5.dir/build.make:65: recipe for target 'CMakeFiles/cmTC_91ae5.dir/CheckSymbolExists.cxx.o' failed
make[1]: *** [CMakeFiles/cmTC_91ae5.dir/CheckSymbolExists.cxx.o] Error 1
make[1]: Leaving directory '/home/pierre/Documents/Master/M1/MOBJ/MOBJ/TME8/build/CMakeFiles/CMakeTmp'
Makefile:126: recipe for target 'cmTC_91ae5/fast' failed
make: *** [cmTC_91ae5/fast] Error 2

File /home/pierre/Documents/Master/M1/MOBJ/MOBJ/TME8/build/CMakeFiles/CMakeTmp/CheckSymbolExists.cxx:
/* */
#include <QtCore/qglobal.h>

int main(int argc, char** argv)
{
  (void)argv;
#ifndef Q_WS_MAC
  return ((int*)(&Q_WS_MAC))[argc];
#else
  (void)argc;
  return 0;
#endif
}

Determining if the Q_WS_WIN exist failed with the following output:
Change Dir: /home/pierre/Documents/Master/M1/MOBJ/MOBJ/TME8/build/CMakeFiles/CMakeTmp

Run Build Command:"/usr/bin/make" "cmTC_378a1/fast"
/usr/bin/make -f CMakeFiles/cmTC_378a1.dir/build.make CMakeFiles/cmTC_378a1.dir/build
make[1]: Entering directory '/home/pierre/Documents/Master/M1/MOBJ/MOBJ/TME8/build/CMakeFiles/CMakeTmp'
Building CXX object CMakeFiles/cmTC_378a1.dir/CheckSymbolExists.cxx.o
/usr/bin/c++   -I/usr/include/qt4  -std=c++11 -Wall -g    -o CMakeFiles/cmTC_378a1.dir/CheckSymbolExists.cxx.o -c /home/pierre/Documents/Master/M1/MOBJ/MOBJ/TME8/build/CMakeFiles/CMakeTmp/CheckSymbolExists.cxx
/home/pierre/Documents/Master/M1/MOBJ/MOBJ/TME8/build/CMakeFiles/CMakeTmp/CheckSymbolExists.cxx: In function ‘int main(int, char**)’:
/home/pierre/Documents/Master/M1/MOBJ/MOBJ/TME8/build/CMakeFiles/CMakeTmp/CheckSymbolExists.cxx:8:19: error: ‘Q_WS_WIN’ was not declared in this scope
   return ((int*)(&Q_WS_WIN))[argc];
                   ^~~~~~~~
/home/pierre/Documents/Master/M1/MOBJ/MOBJ/TME8/build/CMakeFiles/CMakeTmp/CheckSymbolExists.cxx:8:19: note: suggested alternative: ‘Q_WS_X11’
   return ((int*)(&Q_WS_WIN))[argc];
                   ^~~~~~~~
                   Q_WS_X11
CMakeFiles/cmTC_378a1.dir/build.make:65: recipe for target 'CMakeFiles/cmTC_378a1.dir/CheckSymbolExists.cxx.o' failed
make[1]: *** [CMakeFiles/cmTC_378a1.dir/CheckSymbolExists.cxx.o] Error 1
make[1]: Leaving directory '/home/pierre/Documents/Master/M1/MOBJ/MOBJ/TME8/build/CMakeFiles/CMakeTmp'
Makefile:126: recipe for target 'cmTC_378a1/fast' failed
make: *** [cmTC_378a1/fast] Error 2

File /home/pierre/Documents/Master/M1/MOBJ/MOBJ/TME8/build/CMakeFiles/CMakeTmp/CheckSymbolExists.cxx:
/* */
#include <QtCore/qglobal.h>

int main(int argc, char** argv)
{
  (void)argv;
#ifndef Q_WS_WIN
  return ((int*)(&Q_WS_WIN))[argc];
#else
  (void)argc;
  return 0;
#endif
}

Determining if the Q_WS_QWS exist failed with the following output:
Change Dir: /home/pierre/Documents/Master/M1/MOBJ/MOBJ/TME8/build/CMakeFiles/CMakeTmp

Run Build Command:"/usr/bin/make" "cmTC_ba14b/fast"
/usr/bin/make -f CMakeFiles/cmTC_ba14b.dir/build.make CMakeFiles/cmTC_ba14b.dir/build
make[1]: Entering directory '/home/pierre/Documents/Master/M1/MOBJ/MOBJ/TME8/build/CMakeFiles/CMakeTmp'
Building CXX object CMakeFiles/cmTC_ba14b.dir/CheckSymbolExists.cxx.o
/usr/bin/c++   -I/usr/include/qt4  -std=c++11 -Wall -g    -o CMakeFiles/cmTC_ba14b.dir/CheckSymbolExists.cxx.o -c /home/pierre/Documents/Master/M1/MOBJ/MOBJ/TME8/build/CMakeFiles/CMakeTmp/CheckSymbolExists.cxx
/home/pierre/Documents/Master/M1/MOBJ/MOBJ/TME8/build/CMakeFiles/CMakeTmp/CheckSymbolExists.cxx: In function ‘int main(int, char**)’:
/home/pierre/Documents/Master/M1/MOBJ/MOBJ/TME8/build/CMakeFiles/CMakeTmp/CheckSymbolExists.cxx:8:19: error: ‘Q_WS_QWS’ was not declared in this scope
   return ((int*)(&Q_WS_QWS))[argc];
                   ^~~~~~~~
/home/pierre/Documents/Master/M1/MOBJ/MOBJ/TME8/build/CMakeFiles/CMakeTmp/CheckSymbolExists.cxx:8:19: note: suggested alternative: ‘Q_WS_X11’
   return ((int*)(&Q_WS_QWS))[argc];
                   ^~~~~~~~
                   Q_WS_X11
CMakeFiles/cmTC_ba14b.dir/build.make:65: recipe for target 'CMakeFiles/cmTC_ba14b.dir/CheckSymbolExists.cxx.o' failed
make[1]: *** [CMakeFiles/cmTC_ba14b.dir/CheckSymbolExists.cxx.o] Error 1
make[1]: Leaving directory '/home/pierre/Documents/Master/M1/MOBJ/MOBJ/TME8/build/CMakeFiles/CMakeTmp'
Makefile:126: recipe for target 'cmTC_ba14b/fast' failed
make: *** [cmTC_ba14b/fast] Error 2

File /home/pierre/Documents/Master/M1/MOBJ/MOBJ/TME8/build/CMakeFiles/CMakeTmp/CheckSymbolExists.cxx:
/* */
#include <QtCore/qglobal.h>

int main(int argc, char** argv)
{
  (void)argv;
#ifndef Q_WS_QWS
  return ((int*)(&Q_WS_QWS))[argc];
#else
  (void)argc;
  return 0;
#endif
}

Determining if the Q_WS_MAC exist failed with the following output:
Change Dir: /home/pierre/Documents/Master/M1/MOBJ/MOBJ/TME8/build/CMakeFiles/CMakeTmp

Run Build Command:"/usr/bin/make" "cmTC_56b40/fast"
/usr/bin/make -f CMakeFiles/cmTC_56b40.dir/build.make CMakeFiles/cmTC_56b40.dir/build
make[1]: Entering directory '/home/pierre/Documents/Master/M1/MOBJ/MOBJ/TME8/build/CMakeFiles/CMakeTmp'
Building CXX object CMakeFiles/cmTC_56b40.dir/CheckSymbolExists.cxx.o
/usr/bin/c++   -I/usr/include/qt4  -std=c++11 -Wall -g    -o CMakeFiles/cmTC_56b40.dir/CheckSymbolExists.cxx.o -c /home/pierre/Documents/Master/M1/MOBJ/MOBJ/TME8/build/CMakeFiles/CMakeTmp/CheckSymbolExists.cxx
/home/pierre/Documents/Master/M1/MOBJ/MOBJ/TME8/build/CMakeFiles/CMakeTmp/CheckSymbolExists.cxx: In function ‘int main(int, char**)’:
/home/pierre/Documents/Master/M1/MOBJ/MOBJ/TME8/build/CMakeFiles/CMakeTmp/CheckSymbolExists.cxx:8:19: error: ‘Q_WS_MAC’ was not declared in this scope
   return ((int*)(&Q_WS_MAC))[argc];
                   ^~~~~~~~
/home/pierre/Documents/Master/M1/MOBJ/MOBJ/TME8/build/CMakeFiles/CMakeTmp/CheckSymbolExists.cxx:8:19: note: suggested alternative: ‘Q_WS_X11’
   return ((int*)(&Q_WS_MAC))[argc];
                   ^~~~~~~~
                   Q_WS_X11
CMakeFiles/cmTC_56b40.dir/build.make:65: recipe for target 'CMakeFiles/cmTC_56b40.dir/CheckSymbolExists.cxx.o' failed
make[1]: *** [CMakeFiles/cmTC_56b40.dir/CheckSymbolExists.cxx.o] Error 1
make[1]: Leaving directory '/home/pierre/Documents/Master/M1/MOBJ/MOBJ/TME8/build/CMakeFiles/CMakeTmp'
Makefile:126: recipe for target 'cmTC_56b40/fast' failed
make: *** [cmTC_56b40/fast] Error 2

File /home/pierre/Documents/Master/M1/MOBJ/MOBJ/TME8/build/CMakeFiles/CMakeTmp/CheckSymbolExists.cxx:
/* */
#include <QtCore/qglobal.h>

int main(int argc, char** argv)
{
  (void)argv;
#ifndef Q_WS_MAC
  return ((int*)(&Q_WS_MAC))[argc];
#else
  (void)argc;
  return 0;
#endif
}

Determining if the Q_WS_WIN exist failed with the following output:
Change Dir: /home/pierre/Documents/Master/M1/MOBJ/MOBJ/TME8/build/CMakeFiles/CMakeTmp

Run Build Command:"/usr/bin/make" "cmTC_a3db0/fast"
/usr/bin/make -f CMakeFiles/cmTC_a3db0.dir/build.make CMakeFiles/cmTC_a3db0.dir/build
make[1]: Entering directory '/home/pierre/Documents/Master/M1/MOBJ/MOBJ/TME8/build/CMakeFiles/CMakeTmp'
Building CXX object CMakeFiles/cmTC_a3db0.dir/CheckSymbolExists.cxx.o
/usr/bin/c++   -I/usr/include/qt4  -std=c++11 -Wall -g    -o CMakeFiles/cmTC_a3db0.dir/CheckSymbolExists.cxx.o -c /home/pierre/Documents/Master/M1/MOBJ/MOBJ/TME8/build/CMakeFiles/CMakeTmp/CheckSymbolExists.cxx
/home/pierre/Documents/Master/M1/MOBJ/MOBJ/TME8/build/CMakeFiles/CMakeTmp/CheckSymbolExists.cxx: In function ‘int main(int, char**)’:
/home/pierre/Documents/Master/M1/MOBJ/MOBJ/TME8/build/CMakeFiles/CMakeTmp/CheckSymbolExists.cxx:8:19: error: ‘Q_WS_WIN’ was not declared in this scope
   return ((int*)(&Q_WS_WIN))[argc];
                   ^~~~~~~~
/home/pierre/Documents/Master/M1/MOBJ/MOBJ/TME8/build/CMakeFiles/CMakeTmp/CheckSymbolExists.cxx:8:19: note: suggested alternative: ‘Q_WS_X11’
   return ((int*)(&Q_WS_WIN))[argc];
                   ^~~~~~~~
                   Q_WS_X11
CMakeFiles/cmTC_a3db0.dir/build.make:65: recipe for target 'CMakeFiles/cmTC_a3db0.dir/CheckSymbolExists.cxx.o' failed
make[1]: *** [CMakeFiles/cmTC_a3db0.dir/CheckSymbolExists.cxx.o] Error 1
make[1]: Leaving directory '/home/pierre/Documents/Master/M1/MOBJ/MOBJ/TME8/build/CMakeFiles/CMakeTmp'
Makefile:126: recipe for target 'cmTC_a3db0/fast' failed
make: *** [cmTC_a3db0/fast] Error 2

File /home/pierre/Documents/Master/M1/MOBJ/MOBJ/TME8/build/CMakeFiles/CMakeTmp/CheckSymbolExists.cxx:
/* */
#include <QtCore/qglobal.h>

int main(int argc, char** argv)
{
  (void)argv;
#ifndef Q_WS_WIN
  return ((int*)(&Q_WS_WIN))[argc];
#else
  (void)argc;
  return 0;
#endif
}

Determining if the Q_WS_QWS exist failed with the following output:
Change Dir: /home/pierre/Documents/Master/M1/MOBJ/MOBJ/TME8/build/CMakeFiles/CMakeTmp

Run Build Command:"/usr/bin/make" "cmTC_4d669/fast"
/usr/bin/make -f CMakeFiles/cmTC_4d669.dir/build.make CMakeFiles/cmTC_4d669.dir/build
make[1]: Entering directory '/home/pierre/Documents/Master/M1/MOBJ/MOBJ/TME8/build/CMakeFiles/CMakeTmp'
Building CXX object CMakeFiles/cmTC_4d669.dir/CheckSymbolExists.cxx.o
/usr/bin/c++   -I/usr/include/qt4  -std=c++11 -Wall -g    -o CMakeFiles/cmTC_4d669.dir/CheckSymbolExists.cxx.o -c /home/pierre/Documents/Master/M1/MOBJ/MOBJ/TME8/build/CMakeFiles/CMakeTmp/CheckSymbolExists.cxx
/home/pierre/Documents/Master/M1/MOBJ/MOBJ/TME8/build/CMakeFiles/CMakeTmp/CheckSymbolExists.cxx: In function ‘int main(int, char**)’:
/home/pierre/Documents/Master/M1/MOBJ/MOBJ/TME8/build/CMakeFiles/CMakeTmp/CheckSymbolExists.cxx:8:19: error: ‘Q_WS_QWS’ was not declared in this scope
   return ((int*)(&Q_WS_QWS))[argc];
                   ^~~~~~~~
/home/pierre/Documents/Master/M1/MOBJ/MOBJ/TME8/build/CMakeFiles/CMakeTmp/CheckSymbolExists.cxx:8:19: note: suggested alternative: ‘Q_WS_X11’
   return ((int*)(&Q_WS_QWS))[argc];
                   ^~~~~~~~
                   Q_WS_X11
CMakeFiles/cmTC_4d669.dir/build.make:65: recipe for target 'CMakeFiles/cmTC_4d669.dir/CheckSymbolExists.cxx.o' failed
make[1]: *** [CMakeFiles/cmTC_4d669.dir/CheckSymbolExists.cxx.o] Error 1
make[1]: Leaving directory '/home/pierre/Documents/Master/M1/MOBJ/MOBJ/TME8/build/CMakeFiles/CMakeTmp'
Makefile:126: recipe for target 'cmTC_4d669/fast' failed
make: *** [cmTC_4d669/fast] Error 2

File /home/pierre/Documents/Master/M1/MOBJ/MOBJ/TME8/build/CMakeFiles/CMakeTmp/CheckSymbolExists.cxx:
/* */
#include <QtCore/qglobal.h>

int main(int argc, char** argv)
{
  (void)argv;
#ifndef Q_WS_QWS
  return ((int*)(&Q_WS_QWS))[argc];
#else
  (void)argc;
  return 0;
#endif
}

Determining if the Q_WS_MAC exist failed with the following output:
Change Dir: /home/pierre/Documents/Master/M1/MOBJ/MOBJ/TME8/build/CMakeFiles/CMakeTmp

Run Build Command:"/usr/bin/make" "cmTC_63903/fast"
/usr/bin/make -f CMakeFiles/cmTC_63903.dir/build.make CMakeFiles/cmTC_63903.dir/build
make[1]: Entering directory '/home/pierre/Documents/Master/M1/MOBJ/MOBJ/TME8/build/CMakeFiles/CMakeTmp'
Building CXX object CMakeFiles/cmTC_63903.dir/CheckSymbolExists.cxx.o
/usr/bin/c++   -I/usr/include/qt4  -std=c++11 -Wall -g    -o CMakeFiles/cmTC_63903.dir/CheckSymbolExists.cxx.o -c /home/pierre/Documents/Master/M1/MOBJ/MOBJ/TME8/build/CMakeFiles/CMakeTmp/CheckSymbolExists.cxx
/home/pierre/Documents/Master/M1/MOBJ/MOBJ/TME8/build/CMakeFiles/CMakeTmp/CheckSymbolExists.cxx: In function ‘int main(int, char**)’:
/home/pierre/Documents/Master/M1/MOBJ/MOBJ/TME8/build/CMakeFiles/CMakeTmp/CheckSymbolExists.cxx:8:19: error: ‘Q_WS_MAC’ was not declared in this scope
   return ((int*)(&Q_WS_MAC))[argc];
                   ^~~~~~~~
/home/pierre/Documents/Master/M1/MOBJ/MOBJ/TME8/build/CMakeFiles/CMakeTmp/CheckSymbolExists.cxx:8:19: note: suggested alternative: ‘Q_WS_X11’
   return ((int*)(&Q_WS_MAC))[argc];
                   ^~~~~~~~
                   Q_WS_X11
CMakeFiles/cmTC_63903.dir/build.make:65: recipe for target 'CMakeFiles/cmTC_63903.dir/CheckSymbolExists.cxx.o' failed
make[1]: *** [CMakeFiles/cmTC_63903.dir/CheckSymbolExists.cxx.o] Error 1
make[1]: Leaving directory '/home/pierre/Documents/Master/M1/MOBJ/MOBJ/TME8/build/CMakeFiles/CMakeTmp'
Makefile:126: recipe for target 'cmTC_63903/fast' failed
make: *** [cmTC_63903/fast] Error 2

File /home/pierre/Documents/Master/M1/MOBJ/MOBJ/TME8/build/CMakeFiles/CMakeTmp/CheckSymbolExists.cxx:
/* */
#include <QtCore/qglobal.h>

int main(int argc, char** argv)
{
  (void)argv;
#ifndef Q_WS_MAC
  return ((int*)(&Q_WS_MAC))[argc];
#else
  (void)argc;
  return 0;
#endif
}

